Starting ELV Cluster Analysis: Power Law vs Uniform Weighting
Start time: Mon Sep  8 05:11:08 PM EDT 2025
======================================================
Phase 1: Poisson Point Patterns (N=200)
[1/30] Starting: poi N=200 V uniform (Mon Sep  8 05:11:08 PM EDT 2025)
[1/30] ✓ Completed: poi N=200 V uniform (Mon Sep  8 05:45:17 PM EDT 2025)
[2/30] Starting: poi N=200 V length_power_law (Mon Sep  8 05:45:17 PM EDT 2025)
[2/30] ✓ Completed: poi N=200 V length_power_law (Mon Sep  8 06:24:44 PM EDT 2025)
[3/30] Starting: poi N=200 V length_power_law (Mon Sep  8 06:24:44 PM EDT 2025)
[3/30] ✓ Completed: poi N=200 V length_power_law (Mon Sep  8 07:04:23 PM EDT 2025)
[4/30] Starting: poi N=200 V length_power_law (Mon Sep  8 07:04:23 PM EDT 2025)
[4/30] ✓ Completed: poi N=200 V length_power_law (Mon Sep  8 07:43:32 PM EDT 2025)
[5/30] Starting: poi N=200 G uniform (Mon Sep  8 07:43:32 PM EDT 2025)
[5/30] ✓ Completed: poi N=200 G uniform (Mon Sep  8 08:04:44 PM EDT 2025)
[6/30] Starting: poi N=200 G length_power_law (Mon Sep  8 08:04:44 PM EDT 2025)
[6/30] ✓ Completed: poi N=200 G length_power_law (Mon Sep  8 08:30:03 PM EDT 2025)
[7/30] Starting: poi N=200 G length_power_law (Mon Sep  8 08:30:03 PM EDT 2025)
[7/30] ✓ Completed: poi N=200 G length_power_law (Mon Sep  8 09:11:53 PM EDT 2025)
[8/30] Starting: poi N=200 G length_power_law (Mon Sep  8 09:11:53 PM EDT 2025)
[8/30] ✓ Completed: poi N=200 G length_power_law (Mon Sep  8 09:35:38 PM EDT 2025)
[9/30] Starting: poi N=200 C uniform (Mon Sep  8 09:35:38 PM EDT 2025)
[9/30] ✓ Completed: poi N=200 C uniform (Mon Sep  8 10:09:14 PM EDT 2025)
[10/30] Starting: poi N=200 C length_power_law (Mon Sep  8 10:09:14 PM EDT 2025)
[10/30] ✓ Completed: poi N=200 C length_power_law (Mon Sep  8 10:46:47 PM EDT 2025)
Phase 2: URL Point Patterns (N=300, a=0.5)
[11/30] Starting: URL N=300 V uniform (Mon Sep  8 10:46:47 PM EDT 2025)
[11/30] ✓ Completed: URL N=300 V uniform (Tue Sep  9 12:01:39 AM EDT 2025)
[12/30] Starting: URL N=300 V length_power_law (Tue Sep  9 12:01:39 AM EDT 2025)
[12/30] ✓ Completed: URL N=300 V length_power_law (Tue Sep  9 01:28:43 AM EDT 2025)
[13/30] Starting: URL N=300 V length_power_law (Tue Sep  9 01:28:43 AM EDT 2025)
[13/30] ✓ Completed: URL N=300 V length_power_law (Tue Sep  9 02:55:48 AM EDT 2025)
[14/30] Starting: URL N=300 V length_power_law (Tue Sep  9 02:55:48 AM EDT 2025)
[14/30] ✓ Completed: URL N=300 V length_power_law (Tue Sep  9 04:18:30 AM EDT 2025)
[15/30] Starting: URL N=300 G uniform (Tue Sep  9 04:18:30 AM EDT 2025)
[15/30] ✓ Completed: URL N=300 G uniform (Tue Sep  9 05:11:56 AM EDT 2025)
[16/30] Starting: URL N=300 G length_power_law (Tue Sep  9 05:11:56 AM EDT 2025)
[16/30] ✓ Completed: URL N=300 G length_power_law (Tue Sep  9 06:14:38 AM EDT 2025)
[17/30] Starting: URL N=300 G length_power_law (Tue Sep  9 06:14:38 AM EDT 2025)
[17/30] ✓ Completed: URL N=300 G length_power_law (Tue Sep  9 07:19:02 AM EDT 2025)
[18/30] Starting: URL N=300 G length_power_law (Tue Sep  9 07:19:02 AM EDT 2025)
